Flow report for lab301PWM
Mon Mar 24 19:37:40 2025
Quartus Prime Version 18.1.0 Build 625 09/12/2018 SJ Standard Edition


---------------------
; Table of Contents ;
---------------------
  1. Legal Notice
  2. Flow Summary
  3. Flow Settings
  4. Flow Non-Default Global Settings
  5. Flow Elapsed Time
  6. Flow OS Summary
  7. Flow Log
  8. Flow Messages
  9. Flow Suppressed Messages



----------------
; Legal Notice ;
----------------
Copyright (C) 2018  Intel Corporation. All rights reserved.
Your use of Intel Corporation's design tools, logic functions 
and other software and tools, and its AMPP partner logic 
functions, and any output files from any of the foregoing 
(including device programming or simulation files), and any 
associated documentation or information are expressly subject 
to the terms and conditions of the Intel Program License 
Subscription Agreement, the Intel Quartus Prime License Agreement,
the Intel FPGA IP License Agreement, or other applicable license
agreement, including, without limitation, that your use is for
the sole purpose of programming logic devices manufactured by
Intel and sold by Intel or its authorized distributors.  Please
refer to the applicable agreement for further details.



+--------------------------------------------------------------------------------------+
; Flow Summary                                                                         ;
+------------------------------------+-------------------------------------------------+
; Flow Status                        ; Successful - Mon Mar 24 19:37:40 2025           ;
; Quartus Prime Version              ; 18.1.0 Build 625 09/12/2018 SJ Standard Edition ;
; Revision Name                      ; lab301PWM                                       ;
; Top-level Entity Name              ; lab301PWM                                       ;
; Family                             ; Cyclone IV E                                    ;
; Device                             ; EP4CE40U19A7                                    ;
; Timing Models                      ; Final                                           ;
; Total logic elements               ; 106 / 39,600 ( < 1 % )                          ;
;     Total combinational functions  ; 106 / 39,600 ( < 1 % )                          ;
;     Dedicated logic registers      ; 33 / 39,600 ( < 1 % )                           ;
; Total registers                    ; 33                                              ;
; Total pins                         ; 18 / 329 ( 5 % )                                ;
; Total virtual pins                 ; 0                                               ;
; Total memory bits                  ; 0 / 1,161,216 ( 0 % )                           ;
; Embedded Multiplier 9-bit elements ; 0 / 232 ( 0 % )                                 ;
; Total PLLs                         ; 0 / 4 ( 0 % )                                   ;
+------------------------------------+-------------------------------------------------+


+-----------------------------------------+
; Flow Settings                           ;
+-------------------+---------------------+
; Option            ; Setting             ;
+-------------------+---------------------+
; Start date & time ; 03/24/2025 19:37:18 ;
; Main task         ; Compilation         ;
; Revision Name     ; lab301PWM           ;
+-------------------+---------------------+


+-----------------------------------------------------------------------------------------------------------------------------+
; Flow Non-Default Global Settings                                                                                            ;
+-------------------------------------+----------------------------------------+---------------+-------------+----------------+
; Assignment Name                     ; Value                                  ; Default Value ; Entity Name ; Section Id     ;
+-------------------------------------+----------------------------------------+---------------+-------------+----------------+
; COMPILER_SIGNATURE_ID               ; 246788414784895.174281623820752        ; --            ; --          ; --             ;
; EDA_OUTPUT_DATA_FORMAT              ; Verilog Hdl                            ; --            ; --          ; eda_simulation ;
; EDA_SIMULATION_TOOL                 ; ModelSim-Altera (Verilog)              ; <None>        ; --          ; --             ;
; EDA_TIME_SCALE                      ; 1 ps                                   ; --            ; --          ; eda_simulation ;
; MAX_CORE_JUNCTION_TEMP              ; 125                                    ; --            ; --          ; --             ;
; MIN_CORE_JUNCTION_TEMP              ; -40                                    ; --            ; --          ; --             ;
; PARTITION_COLOR                     ; -- (Not supported for targeted family) ; --            ; --          ; Top            ;
; PARTITION_FITTER_PRESERVATION_LEVEL ; -- (Not supported for targeted family) ; --            ; --          ; Top            ;
; PARTITION_NETLIST_TYPE              ; -- (Not supported for targeted family) ; --            ; --          ; Top            ;
; PROJECT_OUTPUT_DIRECTORY            ; output_files                           ; --            ; --          ; --             ;
+-------------------------------------+----------------------------------------+---------------+-------------+----------------+


+--------------------------------------------------------------------------------------------------------------------------+
; Flow Elapsed Time                                                                                                        ;
+----------------------+--------------+-------------------------+---------------------+------------------------------------+
; Module Name          ; Elapsed Time ; Average Processors Used ; Peak Virtual Memory ; Total CPU Time (on all processors) ;
+----------------------+--------------+-------------------------+---------------------+------------------------------------+
; Analysis & Synthesis ; 00:00:09     ; 1.0                     ; 4809 MB             ; 00:00:03                           ;
; Fitter               ; 00:00:07     ; 1.0                     ; 5896 MB             ; 00:00:02                           ;
; Assembler            ; 00:00:01     ; 1.0                     ; 4675 MB             ; 00:00:00                           ;
; Timing Analyzer      ; 00:00:02     ; 1.0                     ; 4824 MB             ; 00:00:00                           ;
; EDA Netlist Writer   ; 00:00:00     ; 1.0                     ; 4647 MB             ; 00:00:00                           ;
; Total                ; 00:00:19     ; --                      ; --                  ; 00:00:05                           ;
+----------------------+--------------+-------------------------+---------------------+------------------------------------+


+------------------------------------------------------------------------------------+
; Flow OS Summary                                                                    ;
+----------------------+------------------+------------+------------+----------------+
; Module Name          ; Machine Hostname ; OS Name    ; OS Version ; Processor type ;
+----------------------+------------------+------------+------------+----------------+
; Analysis & Synthesis ; HpVictus9        ; Windows 10 ; 10.0       ; x86_64         ;
; Fitter               ; HpVictus9        ; Windows 10 ; 10.0       ; x86_64         ;
; Assembler            ; HpVictus9        ; Windows 10 ; 10.0       ; x86_64         ;
; Timing Analyzer      ; HpVictus9        ; Windows 10 ; 10.0       ; x86_64         ;
; EDA Netlist Writer   ; HpVictus9        ; Windows 10 ; 10.0       ; x86_64         ;
+----------------------+------------------+------------+------------+----------------+


------------
; Flow Log ;
------------
quartus_map --read_settings_files=on --write_settings_files=off lab301PWM -c lab301PWM
quartus_fit --read_settings_files=off --write_settings_files=off lab301PWM -c lab301PWM
quartus_asm --read_settings_files=off --write_settings_files=off lab301PWM -c lab301PWM
quartus_sta lab301PWM -c lab301PWM
quartus_eda --read_settings_files=off --write_settings_files=off lab301PWM -c lab301PWM



